<?xml version="1.0" encoding="UTF-8"?>
<testsuite name="groovy.TestMe" tests="3" skipped="0" failures="0" errors="0" timestamp="2015-08-28T22:50:48" hostname="Michaels-MBP" time="0.095">
  <properties/>
  <testcase name="test me " classname="groovy.TestMe" time="0.079"/>
  <testcase name="Package manager 1" classname="groovy.TestMe" time="0.015"/>
  <testcase name="Package manager 2" classname="groovy.TestMe" time="0.001"/>
  <system-out><![CDATA[]]></system-out>
  <system-err><![CDATA[]]></system-err>
</testsuite>
